Spark Command: /usr/lib/jvm/java-8-openjdk-amd64/jre/bin/java -cp /opt/spark-2.3.4-bin-hadoop2.7/conf/:/opt/spark-2.3.4-bin-hadoop2.7/jars/* -Xmx1g org.apache.spark.deploy.worker.Worker --webui-port 8081 spark://43eef9262e44:7077
========================================
2021-06-09 19:27:51 INFO  Worker:2612 - Started daemon with process name: 1657@43eef9262e44
2021-06-09 19:27:51 INFO  SignalUtils:54 - Registered signal handler for TERM
2021-06-09 19:27:51 INFO  SignalUtils:54 - Registered signal handler for HUP
2021-06-09 19:27:51 INFO  SignalUtils:54 - Registered signal handler for INT
2021-06-09 19:27:53 WARN  NativeCodeLoader:62 - Unable to load native-hadoop library for your platform... using builtin-java classes where applicable
2021-06-09 19:27:53 INFO  SecurityManager:54 - Changing view acls to: root
2021-06-09 19:27:53 INFO  SecurityManager:54 - Changing modify acls to: root
2021-06-09 19:27:53 INFO  SecurityManager:54 - Changing view acls groups to: 
2021-06-09 19:27:53 INFO  SecurityManager:54 - Changing modify acls groups to: 
2021-06-09 19:27:53 INFO  SecurityManager:54 - SecurityManager: authentication disabled; ui acls disabled; users  with view permissions: Set(root); groups with view permissions: Set(); users  with modify permissions: Set(root); groups with modify permissions: Set()
2021-06-09 19:27:55 INFO  Utils:54 - Successfully started service 'sparkWorker' on port 44119.
2021-06-09 19:27:56 INFO  Worker:54 - Starting Spark worker 172.18.0.2:44119 with 2 cores, 6.3 GB RAM
2021-06-09 19:27:56 INFO  Worker:54 - Running Spark version 2.3.4
2021-06-09 19:27:56 INFO  Worker:54 - Spark home: /opt/spark-2.3.4-bin-hadoop2.7
2021-06-09 19:27:56 INFO  log:192 - Logging initialized @7928ms
2021-06-09 19:27:56 INFO  Server:351 - jetty-9.3.z-SNAPSHOT, build timestamp: unknown, git hash: unknown
2021-06-09 19:27:56 INFO  Server:419 - Started @8211ms
2021-06-09 19:27:56 WARN  Utils:66 - Service 'WorkerUI' could not bind on port 8081. Attempting port 8082.
2021-06-09 19:27:56 WARN  Utils:66 - Service 'WorkerUI' could not bind on port 8082. Attempting port 8083.
2021-06-09 19:27:56 WARN  Utils:66 - Service 'WorkerUI' could not bind on port 8083. Attempting port 8084.
2021-06-09 19:27:56 INFO  AbstractConnector:278 - Started ServerConnector@38d6b4{HTTP/1.1,[http/1.1]}{0.0.0.0:8084}
2021-06-09 19:27:56 INFO  Utils:54 - Successfully started service 'WorkerUI' on port 8084.
2021-06-09 19:27:56 INFO  ContextHandler:781 - Started o.s.j.s.ServletContextHandler@4e4946a1{/logPage,null,AVAILABLE,@Spark}
2021-06-09 19:27:56 INFO  ContextHandler:781 - Started o.s.j.s.ServletContextHandler@3884f59a{/logPage/json,null,AVAILABLE,@Spark}
2021-06-09 19:27:56 INFO  ContextHandler:781 - Started o.s.j.s.ServletContextHandler@3908836e{/,null,AVAILABLE,@Spark}
2021-06-09 19:27:56 INFO  ContextHandler:781 - Started o.s.j.s.ServletContextHandler@22750f63{/json,null,AVAILABLE,@Spark}
2021-06-09 19:27:56 INFO  ContextHandler:781 - Started o.s.j.s.ServletContextHandler@3d420692{/static,null,AVAILABLE,@Spark}
2021-06-09 19:27:56 INFO  ContextHandler:781 - Started o.s.j.s.ServletContextHandler@1699fd6e{/log,null,AVAILABLE,@Spark}
2021-06-09 19:27:56 INFO  WorkerWebUI:54 - Bound WorkerWebUI to 0.0.0.0, and started at http://43eef9262e44:8084
2021-06-09 19:27:57 INFO  Worker:54 - Connecting to master 43eef9262e44:7077...
2021-06-09 19:27:57 INFO  ContextHandler:781 - Started o.s.j.s.ServletContextHandler@1be9380b{/metrics/json,null,AVAILABLE,@Spark}
2021-06-09 19:27:57 INFO  TransportClientFactory:267 - Successfully created connection to 43eef9262e44/172.18.0.2:7077 after 237 ms (0 ms spent in bootstraps)
2021-06-09 19:27:58 INFO  Worker:54 - Successfully registered with master spark://43eef9262e44:7077
