Spark Command: /usr/lib/jvm/java-8-openjdk-amd64/jre/bin/java -cp /opt/spark-2.3.4-bin-hadoop2.7/conf/:/opt/spark-2.3.4-bin-hadoop2.7/jars/* -Xmx1g org.apache.spark.deploy.master.Master --host c0cda7765945 --port 7077 --webui-port 8080
========================================
2021-06-08 20:58:06 INFO  Master:2612 - Started daemon with process name: 1656@c0cda7765945
2021-06-08 20:58:06 INFO  SignalUtils:54 - Registered signal handler for TERM
2021-06-08 20:58:06 INFO  SignalUtils:54 - Registered signal handler for HUP
2021-06-08 20:58:06 INFO  SignalUtils:54 - Registered signal handler for INT
2021-06-08 20:58:08 WARN  NativeCodeLoader:62 - Unable to load native-hadoop library for your platform... using builtin-java classes where applicable
2021-06-08 20:58:09 INFO  SecurityManager:54 - Changing view acls to: root
2021-06-08 20:58:09 INFO  SecurityManager:54 - Changing modify acls to: root
2021-06-08 20:58:09 INFO  SecurityManager:54 - Changing view acls groups to: 
2021-06-08 20:58:09 INFO  SecurityManager:54 - Changing modify acls groups to: 
2021-06-08 20:58:09 INFO  SecurityManager:54 - SecurityManager: authentication disabled; ui acls disabled; users  with view permissions: Set(root); groups with view permissions: Set(); users  with modify permissions: Set(root); groups with modify permissions: Set()
2021-06-08 20:58:10 INFO  Utils:54 - Successfully started service 'sparkMaster' on port 7077.
2021-06-08 20:58:11 INFO  Master:54 - Starting Spark master at spark://c0cda7765945:7077
2021-06-08 20:58:11 INFO  Master:54 - Running Spark version 2.3.4
2021-06-08 20:58:11 INFO  log:192 - Logging initialized @8616ms
2021-06-08 20:58:11 INFO  Server:351 - jetty-9.3.z-SNAPSHOT, build timestamp: unknown, git hash: unknown
2021-06-08 20:58:11 INFO  Server:419 - Started @9000ms
2021-06-08 20:58:12 INFO  AbstractConnector:278 - Started ServerConnector@6142e162{HTTP/1.1,[http/1.1]}{0.0.0.0:8080}
2021-06-08 20:58:12 INFO  Utils:54 - Successfully started service 'MasterUI' on port 8080.
2021-06-08 20:58:12 INFO  ContextHandler:781 - Started o.s.j.s.ServletContextHandler@6712007d{/app,null,AVAILABLE,@Spark}
2021-06-08 20:58:12 INFO  ContextHandler:781 - Started o.s.j.s.ServletContextHandler@1cb79964{/app/json,null,AVAILABLE,@Spark}
2021-06-08 20:58:12 INFO  ContextHandler:781 - Started o.s.j.s.ServletContextHandler@a9bfa65{/,null,AVAILABLE,@Spark}
2021-06-08 20:58:12 INFO  ContextHandler:781 - Started o.s.j.s.ServletContextHandler@391fced8{/json,null,AVAILABLE,@Spark}
2021-06-08 20:58:12 INFO  ContextHandler:781 - Started o.s.j.s.ServletContextHandler@19c30c26{/static,null,AVAILABLE,@Spark}
2021-06-08 20:58:12 INFO  ContextHandler:781 - Started o.s.j.s.ServletContextHandler@62b12659{/app/kill,null,AVAILABLE,@Spark}
2021-06-08 20:58:12 INFO  ContextHandler:781 - Started o.s.j.s.ServletContextHandler@3e75a7d5{/driver/kill,null,AVAILABLE,@Spark}
2021-06-08 20:58:12 INFO  MasterWebUI:54 - Bound MasterWebUI to 0.0.0.0, and started at http://c0cda7765945:8080
2021-06-08 20:58:12 INFO  Server:351 - jetty-9.3.z-SNAPSHOT, build timestamp: unknown, git hash: unknown
2021-06-08 20:58:12 INFO  ContextHandler:781 - Started o.s.j.s.ServletContextHandler@547df57d{/,null,AVAILABLE}
2021-06-08 20:58:12 INFO  AbstractConnector:278 - Started ServerConnector@159217cf{HTTP/1.1,[http/1.1]}{c0cda7765945:6066}
2021-06-08 20:58:12 INFO  Server:419 - Started @9592ms
2021-06-08 20:58:12 INFO  Utils:54 - Successfully started service on port 6066.
2021-06-08 20:58:12 INFO  StandaloneRestServer:54 - Started REST server for submitting applications on port 6066
2021-06-08 20:58:13 INFO  ContextHandler:781 - Started o.s.j.s.ServletContextHandler@6338bccf{/metrics/master/json,null,AVAILABLE,@Spark}
2021-06-08 20:58:13 INFO  ContextHandler:781 - Started o.s.j.s.ServletContextHandler@5e38625a{/metrics/applications/json,null,AVAILABLE,@Spark}
2021-06-08 20:58:13 INFO  Master:54 - I have been elected leader! New state: ALIVE
