-------------------------------------------
Batch: 0
-------------------------------------------
+--------------------+-----+
|            customer|score|
+--------------------+-----+
|Suresh.Phillips@t...|-33.0|
|Spencer.Anderson@...|  3.5|
|Chris.Sanchez@tes...|  2.0|
|    Gail.Wu@test.com|-25.5|
|Sarah.Harris@test...| -1.0|
|Santosh.Phillips@...| -1.0|
|Craig.Mitra@test.com| -6.0|
|Danny.Clark@test.com| -4.0|
|Neeraj.Abram@test...| -5.5|
|Spencer.Gonzalez@...| -3.0|
|Danny.Spencer@tes...|  3.5|
|Christina.Olson@t...|-13.0|
|Ashley.Hansen@tes...|  9.0|
|Danny.Staples@tes...| 23.0|
|Neeraj.Jefferson@...|  2.5|
|David.Sanchez@tes...| 20.0|
|Suresh.Phillips@t...|-24.5|
|Spencer.Anderson@...|  8.5|
|Chris.Sanchez@tes...| -7.0|
|    Gail.Wu@test.com|-19.0|
+--------------------+-----+
only showing top 20 rows

-------------------------------------------
Batch: 1
-------------------------------------------
+--------------------+-----+
|            customer|score|
+--------------------+-----+
|Danny.Clark@test.com| -5.5|
|Neeraj.Abram@test...| -5.0|
|Spencer.Gonzalez@...| -1.5|
|Danny.Spencer@tes...| -0.5|
|Christina.Olson@t...| 11.0|
|Ashley.Hansen@tes...|-21.0|
|Danny.Staples@tes...|  6.0|
+--------------------+-----+

-------------------------------------------
Batch: 2
-------------------------------------------
+--------------------+-----+
|            customer|score|
+--------------------+-----+
|Neeraj.Jefferson@...|-20.5|
+--------------------+-----+

-------------------------------------------
Batch: 3
-------------------------------------------
+--------------------+-----+
|            customer|score|
+--------------------+-----+
|David.Sanchez@tes...| 20.0|
+--------------------+-----+

-------------------------------------------
Batch: 4
-------------------------------------------
+--------------------+-----+
|            customer|score|
+--------------------+-----+
|Suresh.Phillips@t...|  0.5|
+--------------------+-----+

-------------------------------------------
Batch: 5
-------------------------------------------
+--------------------+-----+
|            customer|score|
+--------------------+-----+
|Spencer.Anderson@...|-18.0|
+--------------------+-----+

-------------------------------------------
Batch: 6
-------------------------------------------
+--------------------+-----+
|            customer|score|
+--------------------+-----+
|Chris.Sanchez@tes...|-24.5|
+--------------------+-----+

-------------------------------------------
Batch: 7
-------------------------------------------
+----------------+-----+
|        customer|score|
+----------------+-----+
|Gail.Wu@test.com|-22.0|
+----------------+-----+

-------------------------------------------
Batch: 8
-------------------------------------------
+--------------------+-----+
|            customer|score|
+--------------------+-----+
|Sarah.Harris@test...| -4.5|
+--------------------+-----+

-------------------------------------------
Batch: 9
-------------------------------------------
+--------------------+-----+
|            customer|score|
+--------------------+-----+
|Santosh.Phillips@...| -4.5|
+--------------------+-----+

-------------------------------------------
Batch: 10
-------------------------------------------
+--------------------+-----+
|            customer|score|
+--------------------+-----+
|Craig.Mitra@test.com| -1.5|
+--------------------+-----+

-------------------------------------------
Batch: 11
-------------------------------------------
+--------------------+-----+
|            customer|score|
+--------------------+-----+
|Danny.Clark@test.com| -5.0|
+--------------------+-----+

-------------------------------------------
Batch: 12
-------------------------------------------
+--------------------+-----+
|            customer|score|
+--------------------+-----+
|Neeraj.Abram@test...| -3.5|
+--------------------+-----+

-------------------------------------------
Batch: 13
-------------------------------------------
+--------------------+-----+
|            customer|score|
+--------------------+-----+
|Spencer.Gonzalez@...| -2.0|
+--------------------+-----+

-------------------------------------------
Batch: 14
-------------------------------------------
+--------------------+-----+
|            customer|score|
+--------------------+-----+
|Danny.Spencer@tes...|-14.0|
+--------------------+-----+

-------------------------------------------
Batch: 15
-------------------------------------------
+--------------------+-----+
|            customer|score|
+--------------------+-----+
|Christina.Olson@t...|  7.0|
+--------------------+-----+

-------------------------------------------
Batch: 16
-------------------------------------------
+--------------------+-----+
|            customer|score|
+--------------------+-----+
|Ashley.Hansen@tes...|-19.0|
+--------------------+-----+

-------------------------------------------
Batch: 17
-------------------------------------------
+--------------------+-----+
|            customer|score|
+--------------------+-----+
|Danny.Staples@tes...| 14.0|
+--------------------+-----+

-------------------------------------------
Batch: 18
-------------------------------------------
+--------------------+-----+
|            customer|score|
+--------------------+-----+
|Neeraj.Jefferson@...|-15.5|
+--------------------+-----+

-------------------------------------------
Batch: 19
-------------------------------------------
+--------------------+-----+
|            customer|score|
+--------------------+-----+
|David.Sanchez@tes...| 19.0|
+--------------------+-----+

-------------------------------------------
Batch: 20
-------------------------------------------
+--------------------+-----+
|            customer|score|
+--------------------+-----+
|Suresh.Phillips@t...| 24.5|
+--------------------+-----+

-------------------------------------------
Batch: 21
-------------------------------------------
+--------------------+-----+
|            customer|score|
+--------------------+-----+
|Spencer.Anderson@...|-13.5|
+--------------------+-----+

-------------------------------------------
Batch: 22
-------------------------------------------
+--------------------+-----+
|            customer|score|
+--------------------+-----+
|Chris.Sanchez@tes...|  8.5|
+--------------------+-----+

-------------------------------------------
Batch: 23
-------------------------------------------
+----------------+-----+
|        customer|score|
+----------------+-----+
|Gail.Wu@test.com| 10.0|
+----------------+-----+

-------------------------------------------
Batch: 24
-------------------------------------------
+--------------------+-----+
|            customer|score|
+--------------------+-----+
|Sarah.Harris@test...| -3.0|
+--------------------+-----+

-------------------------------------------
Batch: 25
-------------------------------------------
+--------------------+-----+
|            customer|score|
+--------------------+-----+
|Santosh.Phillips@...| -3.5|
+--------------------+-----+

-------------------------------------------
Batch: 26
-------------------------------------------
+--------------------+-----+
|            customer|score|
+--------------------+-----+
|Craig.Mitra@test.com| -2.0|
+--------------------+-----+

-------------------------------------------
Batch: 27
-------------------------------------------
+--------------------+-----+
|            customer|score|
+--------------------+-----+
|Danny.Clark@test.com| -3.0|
+--------------------+-----+

-------------------------------------------
Batch: 28
-------------------------------------------
+--------------------+-----+
|            customer|score|
+--------------------+-----+
|Neeraj.Abram@test...| -3.0|
+--------------------+-----+

-------------------------------------------
Batch: 29
-------------------------------------------
+--------------------+-----+
|            customer|score|
+--------------------+-----+
|Spencer.Gonzalez@...| -2.0|
+--------------------+-----+

-------------------------------------------
Batch: 30
-------------------------------------------
+--------------------+-----+
|            customer|score|
+--------------------+-----+
|Danny.Spencer@tes...| 27.0|
+--------------------+-----+

-------------------------------------------
Batch: 31
-------------------------------------------
+--------------------+-----+
|            customer|score|
+--------------------+-----+
|Christina.Olson@t...| 10.0|
+--------------------+-----+

-------------------------------------------
Batch: 32
-------------------------------------------
+--------------------+-----+
|            customer|score|
+--------------------+-----+
|Ashley.Hansen@tes...| -6.0|
+--------------------+-----+

-------------------------------------------
Batch: 33
-------------------------------------------
+--------------------+-----+
|            customer|score|
+--------------------+-----+
|Danny.Staples@tes...|  8.0|
+--------------------+-----+

-------------------------------------------
Batch: 34
-------------------------------------------
+--------------------+-----+
|            customer|score|
+--------------------+-----+
|Neeraj.Jefferson@...| 24.0|
+--------------------+-----+

-------------------------------------------
Batch: 35
-------------------------------------------
+--------------------+-----+
|            customer|score|
+--------------------+-----+
|David.Sanchez@tes...| 13.5|
+--------------------+-----+

-------------------------------------------
Batch: 36
-------------------------------------------
+--------------------+-----+
|            customer|score|
+--------------------+-----+
|Suresh.Phillips@t...|  8.5|
+--------------------+-----+

-------------------------------------------
Batch: 37
-------------------------------------------
+--------------------+-----+
|            customer|score|
+--------------------+-----+
|Spencer.Anderson@...| 10.0|
+--------------------+-----+

-------------------------------------------
Batch: 38
-------------------------------------------
+--------------------+-----+
|            customer|score|
+--------------------+-----+
|Chris.Sanchez@tes...| 30.0|
+--------------------+-----+

-------------------------------------------
Batch: 39
-------------------------------------------
+----------------+-----+
|        customer|score|
+----------------+-----+
|Gail.Wu@test.com| 23.5|
+----------------+-----+

-------------------------------------------
Batch: 40
-------------------------------------------
+--------------------+-----+
|            customer|score|
+--------------------+-----+
|Sarah.Harris@test...| -4.0|
+--------------------+-----+

-------------------------------------------
Batch: 41
-------------------------------------------
+--------------------+-----+
|            customer|score|
+--------------------+-----+
|Santosh.Phillips@...| -1.5|
+--------------------+-----+

-------------------------------------------
Batch: 42
-------------------------------------------
+--------------------+-----+
|            customer|score|
+--------------------+-----+
|Craig.Mitra@test.com| -3.5|
+--------------------+-----+

-------------------------------------------
Batch: 43
-------------------------------------------
+--------------------+-----+
|            customer|score|
+--------------------+-----+
|Danny.Clark@test.com| -2.0|
+--------------------+-----+

-------------------------------------------
Batch: 44
-------------------------------------------
+--------------------+-----+
|            customer|score|
+--------------------+-----+
|Neeraj.Abram@test...| -2.5|
+--------------------+-----+

-------------------------------------------
Batch: 45
-------------------------------------------
+--------------------+-----+
|            customer|score|
+--------------------+-----+
|Spencer.Gonzalez@...| -3.0|
+--------------------+-----+

-------------------------------------------
Batch: 46
-------------------------------------------
+--------------------+-----+
|            customer|score|
+--------------------+-----+
|Danny.Spencer@tes...|  9.5|
+--------------------+-----+

-------------------------------------------
Batch: 47
-------------------------------------------
+--------------------+-----+
|            customer|score|
+--------------------+-----+
|Christina.Olson@t...| -9.5|
+--------------------+-----+

-------------------------------------------
Batch: 48
-------------------------------------------
+--------------------+-----+
|            customer|score|
+--------------------+-----+
|Ashley.Hansen@tes...| 14.0|
+--------------------+-----+

-------------------------------------------
Batch: 49
-------------------------------------------
+--------------------+-----+
|            customer|score|
+--------------------+-----+
|Danny.Staples@tes...|-23.0|
+--------------------+-----+

-------------------------------------------
Batch: 50
-------------------------------------------
+--------------------+-----+
|            customer|score|
+--------------------+-----+
|Neeraj.Jefferson@...| 14.5|
+--------------------+-----+

-------------------------------------------
Batch: 51
-------------------------------------------
+--------------------+-----+
|            customer|score|
+--------------------+-----+
|David.Sanchez@tes...|  1.5|
+--------------------+-----+

-------------------------------------------
Batch: 52
-------------------------------------------
+--------------------+-----+
|            customer|score|
+--------------------+-----+
|Suresh.Phillips@t...| -6.5|
+--------------------+-----+

-------------------------------------------
Batch: 53
-------------------------------------------
+--------------------+-----+
|            customer|score|
+--------------------+-----+
|Spencer.Anderson@...|  6.5|
+--------------------+-----+

-------------------------------------------
Batch: 54
-------------------------------------------
+--------------------+-----+
|            customer|score|
+--------------------+-----+
|Chris.Sanchez@tes...| 22.0|
+--------------------+-----+

-------------------------------------------
Batch: 55
-------------------------------------------
+----------------+-----+
|        customer|score|
+----------------+-----+
|Gail.Wu@test.com|  6.5|
+----------------+-----+

-------------------------------------------
Batch: 56
-------------------------------------------
+--------------------+-----+
|            customer|score|
+--------------------+-----+
|Sarah.Harris@test...| -4.0|
+--------------------+-----+

-------------------------------------------
Batch: 57
-------------------------------------------
+--------------------+-----+
|            customer|score|
+--------------------+-----+
|Santosh.Phillips@...| -1.5|
+--------------------+-----+

-------------------------------------------
Batch: 58
-------------------------------------------
+--------------------+-----+
|            customer|score|
+--------------------+-----+
|Craig.Mitra@test.com| -3.5|
+--------------------+-----+

-------------------------------------------
Batch: 59
-------------------------------------------
+--------------------+-----+
|            customer|score|
+--------------------+-----+
|Danny.Clark@test.com| -2.5|
+--------------------+-----+

-------------------------------------------
Batch: 60
-------------------------------------------
+--------------------+-----+
|            customer|score|
+--------------------+-----+
|Neeraj.Abram@test...| -3.0|
+--------------------+-----+

-------------------------------------------
Batch: 61
-------------------------------------------
+--------------------+-----+
|            customer|score|
+--------------------+-----+
|Spencer.Gonzalez@...| -3.5|
+--------------------+-----+

-------------------------------------------
Batch: 62
-------------------------------------------
+--------------------+-----+
|            customer|score|
+--------------------+-----+
|Danny.Spencer@tes...|-20.0|
+--------------------+-----+

-------------------------------------------
Batch: 63
-------------------------------------------
+--------------------+-----+
|            customer|score|
+--------------------+-----+
|Christina.Olson@t...|  0.5|
+--------------------+-----+

-------------------------------------------
Batch: 64
-------------------------------------------
+--------------------+-----+
|            customer|score|
+--------------------+-----+
|Ashley.Hansen@tes...| 17.0|
+--------------------+-----+

-------------------------------------------
Batch: 65
-------------------------------------------
+--------------------+-----+
|            customer|score|
+--------------------+-----+
|Danny.Staples@tes...| -8.5|
+--------------------+-----+

-------------------------------------------
Batch: 66
-------------------------------------------
+--------------------+-----+
|            customer|score|
+--------------------+-----+
|Neeraj.Jefferson@...|  0.5|
+--------------------+-----+

-------------------------------------------
Batch: 67
-------------------------------------------
+--------------------+-----+
|            customer|score|
+--------------------+-----+
|David.Sanchez@tes...|-13.5|
+--------------------+-----+

-------------------------------------------
Batch: 68
-------------------------------------------
+--------------------+-----+
|            customer|score|
+--------------------+-----+
|Suresh.Phillips@t...| -7.5|
+--------------------+-----+

-------------------------------------------
Batch: 69
-------------------------------------------
+--------------------+-----+
|            customer|score|
+--------------------+-----+
|Spencer.Anderson@...|-10.0|
+--------------------+-----+

-------------------------------------------
Batch: 70
-------------------------------------------
+--------------------+-----+
|            customer|score|
+--------------------+-----+
|Chris.Sanchez@tes...|-12.5|
+--------------------+-----+

-------------------------------------------
Batch: 71
-------------------------------------------
+----------------+-----+
|        customer|score|
+----------------+-----+
|Gail.Wu@test.com|  2.0|
+----------------+-----+

-------------------------------------------
Batch: 72
-------------------------------------------
+--------------------+-----+
|            customer|score|
+--------------------+-----+
|Sarah.Harris@test...| -3.0|
+--------------------+-----+

-------------------------------------------
Batch: 73
-------------------------------------------
+--------------------+-----+
|            customer|score|
+--------------------+-----+
|Santosh.Phillips@...| -2.5|
+--------------------+-----+

-------------------------------------------
Batch: 74
-------------------------------------------
+--------------------+-----+
|            customer|score|
+--------------------+-----+
|Craig.Mitra@test.com| -2.0|
+--------------------+-----+

-------------------------------------------
Batch: 75
-------------------------------------------
+--------------------+-----+
|            customer|score|
+--------------------+-----+
|Danny.Clark@test.com| -2.5|
+--------------------+-----+

-------------------------------------------
Batch: 76
-------------------------------------------
+--------------------+-----+
|            customer|score|
+--------------------+-----+
|Neeraj.Abram@test...| -4.5|
+--------------------+-----+

-------------------------------------------
Batch: 77
-------------------------------------------
+--------------------+-----+
|            customer|score|
+--------------------+-----+
|Spencer.Gonzalez@...| -3.5|
+--------------------+-----+

-------------------------------------------
Batch: 78
-------------------------------------------
+--------------------+-----+
|            customer|score|
+--------------------+-----+
|Danny.Spencer@tes...|-20.5|
+--------------------+-----+

-------------------------------------------
Batch: 79
-------------------------------------------
+--------------------+-----+
|            customer|score|
+--------------------+-----+
|Christina.Olson@t...|-24.5|
+--------------------+-----+

-------------------------------------------
Batch: 80
-------------------------------------------
+--------------------+-----+
|            customer|score|
+--------------------+-----+
|Ashley.Hansen@tes...|  7.5|
+--------------------+-----+

-------------------------------------------
Batch: 81
-------------------------------------------
+--------------------+-----+
|            customer|score|
+--------------------+-----+
|Danny.Staples@tes...| 33.0|
+--------------------+-----+

-------------------------------------------
Batch: 82
-------------------------------------------
+--------------------+-----+
|            customer|score|
+--------------------+-----+
|Neeraj.Jefferson@...| 15.5|
+--------------------+-----+

-------------------------------------------
Batch: 83
-------------------------------------------
+--------------------+-----+
|            customer|score|
+--------------------+-----+
|David.Sanchez@tes...|-18.5|
+--------------------+-----+

-------------------------------------------
Batch: 84
-------------------------------------------
+--------------------+-----+
|            customer|score|
+--------------------+-----+
|Suresh.Phillips@t...|-25.5|
+--------------------+-----+

-------------------------------------------
Batch: 85
-------------------------------------------
+--------------------+-----+
|            customer|score|
+--------------------+-----+
|Spencer.Anderson@...|-21.5|
+--------------------+-----+

-------------------------------------------
Batch: 86
-------------------------------------------
+--------------------+-----+
|            customer|score|
+--------------------+-----+
|Chris.Sanchez@tes...|  4.0|
+--------------------+-----+

-------------------------------------------
Batch: 87
-------------------------------------------
+----------------+-----+
|        customer|score|
+----------------+-----+
|Gail.Wu@test.com| -5.0|
+----------------+-----+

-------------------------------------------
Batch: 88
-------------------------------------------
+--------------------+-----+
|            customer|score|
+--------------------+-----+
|Sarah.Harris@test...| -3.0|
+--------------------+-----+

-------------------------------------------
Batch: 89
-------------------------------------------
+--------------------+-----+
|            customer|score|
+--------------------+-----+
|Santosh.Phillips@...| -3.5|
+--------------------+-----+

-------------------------------------------
Batch: 90
-------------------------------------------
+--------------------+-----+
|            customer|score|
+--------------------+-----+
|Craig.Mitra@test.com| -0.5|
+--------------------+-----+

-------------------------------------------
Batch: 91
-------------------------------------------
+--------------------+-----+
|            customer|score|
+--------------------+-----+
|Danny.Clark@test.com| -1.5|
+--------------------+-----+

-------------------------------------------
Batch: 92
-------------------------------------------
+--------------------+-----+
|            customer|score|
+--------------------+-----+
|Neeraj.Abram@test...| -4.0|
+--------------------+-----+

-------------------------------------------
Batch: 93
-------------------------------------------
+--------------------+-----+
|            customer|score|
+--------------------+-----+
|Spencer.Gonzalez@...| -3.5|
+--------------------+-----+

-------------------------------------------
Batch: 94
-------------------------------------------
+--------------------+-----+
|            customer|score|
+--------------------+-----+
|Danny.Spencer@tes...|-23.0|
+--------------------+-----+

-------------------------------------------
Batch: 95
-------------------------------------------
+--------------------+-----+
|            customer|score|
+--------------------+-----+
|Christina.Olson@t...| -6.5|
+--------------------+-----+

-------------------------------------------
Batch: 96
-------------------------------------------
+--------------------+-----+
|            customer|score|
+--------------------+-----+
|Ashley.Hansen@tes...| 12.5|
+--------------------+-----+

-------------------------------------------
Batch: 97
-------------------------------------------
+--------------------+-----+
|            customer|score|
+--------------------+-----+
|Danny.Staples@tes...| 23.0|
+--------------------+-----+

-------------------------------------------
Batch: 98
-------------------------------------------
+--------------------+-----+
|            customer|score|
+--------------------+-----+
|Neeraj.Jefferson@...|-13.0|
+--------------------+-----+

-------------------------------------------
Batch: 99
-------------------------------------------
+--------------------+-----+
|            customer|score|
+--------------------+-----+
|David.Sanchez@tes...|-28.5|
+--------------------+-----+

-------------------------------------------
Batch: 100
-------------------------------------------
+--------------------+-----+
|            customer|score|
+--------------------+-----+
|Suresh.Phillips@t...|-24.0|
+--------------------+-----+

-------------------------------------------
Batch: 101
-------------------------------------------
+--------------------+-----+
|            customer|score|
+--------------------+-----+
|Spencer.Anderson@...|  4.0|
+--------------------+-----+

-------------------------------------------
Batch: 102
-------------------------------------------
+--------------------+-----+
|            customer|score|
+--------------------+-----+
|Chris.Sanchez@tes...| 22.0|
+--------------------+-----+

-------------------------------------------
Batch: 103
-------------------------------------------
+----------------+-----+
|        customer|score|
+----------------+-----+
|Gail.Wu@test.com|-23.0|
+----------------+-----+

-------------------------------------------
Batch: 104
-------------------------------------------
+--------------------+-----+
|            customer|score|
+--------------------+-----+
|Sarah.Harris@test...| -3.0|
+--------------------+-----+

-------------------------------------------
Batch: 105
-------------------------------------------
+--------------------+-----+
|            customer|score|
+--------------------+-----+
|Santosh.Phillips@...| -3.0|
+--------------------+-----+

-------------------------------------------
Batch: 106
-------------------------------------------
+--------------------+-----+
|            customer|score|
+--------------------+-----+
|Craig.Mitra@test.com|  0.0|
+--------------------+-----+

-------------------------------------------
Batch: 107
-------------------------------------------
+--------------------+-----+
|            customer|score|
+--------------------+-----+
|Danny.Clark@test.com| -1.0|
+--------------------+-----+

-------------------------------------------
Batch: 108
-------------------------------------------
+--------------------+-----+
|            customer|score|
+--------------------+-----+
|Neeraj.Abram@test...| -3.0|
+--------------------+-----+

-------------------------------------------
Batch: 109
-------------------------------------------
+--------------------+-----+
|            customer|score|
+--------------------+-----+
|Spencer.Gonzalez@...| -3.0|
+--------------------+-----+

-------------------------------------------
Batch: 110
-------------------------------------------
+--------------------+-----+
|            customer|score|
+--------------------+-----+
|Danny.Spencer@tes...| -6.0|
+--------------------+-----+

-------------------------------------------
Batch: 111
-------------------------------------------
+--------------------+-----+
|            customer|score|
+--------------------+-----+
|Christina.Olson@t...| 39.5|
+--------------------+-----+

-------------------------------------------
Batch: 112
-------------------------------------------
+--------------------+-----+
|            customer|score|
+--------------------+-----+
|Ashley.Hansen@tes...|-15.5|
+--------------------+-----+

-------------------------------------------
Batch: 113
-------------------------------------------
+--------------------+-----+
|            customer|score|
+--------------------+-----+
|Danny.Staples@tes...|-10.0|
+--------------------+-----+

-------------------------------------------
Batch: 114
-------------------------------------------
+--------------------+-----+
|            customer|score|
+--------------------+-----+
|Neeraj.Jefferson@...|-38.5|
+--------------------+-----+

-------------------------------------------
Batch: 115
-------------------------------------------
+--------------------+-----+
|            customer|score|
+--------------------+-----+
|David.Sanchez@tes...| -9.0|
+--------------------+-----+

-------------------------------------------
Batch: 116
-------------------------------------------
+--------------------+-----+
|            customer|score|
+--------------------+-----+
|Suresh.Phillips@t...| -7.5|
+--------------------+-----+

-------------------------------------------
Batch: 117
-------------------------------------------
+--------------------+-----+
|            customer|score|
+--------------------+-----+
|Spencer.Anderson@...| 13.0|
+--------------------+-----+

-------------------------------------------
Batch: 118
-------------------------------------------
+--------------------+-----+
|            customer|score|
+--------------------+-----+
|Chris.Sanchez@tes...|-21.0|
+--------------------+-----+

-------------------------------------------
Batch: 119
-------------------------------------------
+----------------+-----+
|        customer|score|
+----------------+-----+
|Gail.Wu@test.com|-14.5|
+----------------+-----+

-------------------------------------------
Batch: 120
-------------------------------------------
+--------------------+-----+
|            customer|score|
+--------------------+-----+
|Sarah.Harris@test...| -3.0|
+--------------------+-----+

-------------------------------------------
Batch: 121
-------------------------------------------
+--------------------+-----+
|            customer|score|
+--------------------+-----+
|Santosh.Phillips@...| -2.5|
+--------------------+-----+

-------------------------------------------
Batch: 122
-------------------------------------------
+--------------------+-----+
|            customer|score|
+--------------------+-----+
|Craig.Mitra@test.com| -1.0|
+--------------------+-----+

-------------------------------------------
Batch: 123
-------------------------------------------
+--------------------+-----+
|            customer|score|
+--------------------+-----+
|Danny.Clark@test.com| -1.5|
+--------------------+-----+

-------------------------------------------
Batch: 124
-------------------------------------------
+--------------------+-----+
|            customer|score|
+--------------------+-----+
|Neeraj.Abram@test...| -2.5|
+--------------------+-----+

-------------------------------------------
Batch: 125
-------------------------------------------
+--------------------+-----+
|            customer|score|
+--------------------+-----+
|Spencer.Gonzalez@...| -4.0|
+--------------------+-----+

-------------------------------------------
Batch: 126
-------------------------------------------
+--------------------+-----+
|            customer|score|
+--------------------+-----+
|Danny.Spencer@tes...| 19.5|
+--------------------+-----+

-------------------------------------------
Batch: 127
-------------------------------------------
+--------------------+-----+
|            customer|score|
+--------------------+-----+
|Christina.Olson@t...|  9.0|
+--------------------+-----+

-------------------------------------------
Batch: 128
-------------------------------------------
+--------------------+-----+
|            customer|score|
+--------------------+-----+
|Ashley.Hansen@tes...|-12.0|
+--------------------+-----+

-------------------------------------------
Batch: 129
-------------------------------------------
+--------------------+-----+
|            customer|score|
+--------------------+-----+
|Danny.Staples@tes...|-25.5|
+--------------------+-----+

-------------------------------------------
Batch: 130
-------------------------------------------
+--------------------+-----+
|            customer|score|
+--------------------+-----+
|Neeraj.Jefferson@...| -1.0|
+--------------------+-----+

-------------------------------------------
Batch: 131
-------------------------------------------
+--------------------+-----+
|            customer|score|
+--------------------+-----+
|David.Sanchez@tes...|  7.5|
+--------------------+-----+

-------------------------------------------
Batch: 132
-------------------------------------------
+--------------------+-----+
|            customer|score|
+--------------------+-----+
|Suresh.Phillips@t...| 10.0|
+--------------------+-----+

-------------------------------------------
Batch: 133
-------------------------------------------
+--------------------+-----+
|            customer|score|
+--------------------+-----+
|Spencer.Anderson@...| -1.0|
+--------------------+-----+

-------------------------------------------
Batch: 134
-------------------------------------------
+--------------------+-----+
|            customer|score|
+--------------------+-----+
|Chris.Sanchez@tes...| 21.5|
+--------------------+-----+

-------------------------------------------
Batch: 135
-------------------------------------------
+----------------+-----+
|        customer|score|
+----------------+-----+
|Gail.Wu@test.com| 17.0|
+----------------+-----+

-------------------------------------------
Batch: 136
-------------------------------------------
+--------------------+-----+
|            customer|score|
+--------------------+-----+
|Sarah.Harris@test...| -2.0|
+--------------------+-----+

-------------------------------------------
Batch: 137
-------------------------------------------
+--------------------+-----+
|            customer|score|
+--------------------+-----+
|Santosh.Phillips@...| -3.0|
+--------------------+-----+

-------------------------------------------
Batch: 138
-------------------------------------------
+--------------------+-----+
|            customer|score|
+--------------------+-----+
|Craig.Mitra@test.com| -2.0|
+--------------------+-----+

-------------------------------------------
Batch: 139
-------------------------------------------
+--------------------+-----+
|            customer|score|
+--------------------+-----+
|Danny.Clark@test.com| -2.0|
+--------------------+-----+

-------------------------------------------
Batch: 140
-------------------------------------------
+--------------------+-----+
|            customer|score|
+--------------------+-----+
|Neeraj.Abram@test...| -2.0|
+--------------------+-----+

-------------------------------------------
Batch: 141
-------------------------------------------
+--------------------+-----+
|            customer|score|
+--------------------+-----+
|Spencer.Gonzalez@...| -5.0|
+--------------------+-----+

-------------------------------------------
Batch: 142
-------------------------------------------
+--------------------+-----+
|            customer|score|
+--------------------+-----+
|Danny.Spencer@tes...| 11.5|
+--------------------+-----+

-------------------------------------------
Batch: 143
-------------------------------------------
+--------------------+-----+
|            customer|score|
+--------------------+-----+
|Christina.Olson@t...|-11.0|
+--------------------+-----+

-------------------------------------------
Batch: 144
-------------------------------------------
+--------------------+-----+
|            customer|score|
+--------------------+-----+
|Ashley.Hansen@tes...| 28.0|
+--------------------+-----+

-------------------------------------------
Batch: 145
-------------------------------------------
+--------------------+-----+
|            customer|score|
+--------------------+-----+
|Danny.Staples@tes...| -8.0|
+--------------------+-----+

-------------------------------------------
Batch: 146
-------------------------------------------
+--------------------+-----+
|            customer|score|
+--------------------+-----+
|Neeraj.Jefferson@...| 32.0|
+--------------------+-----+

-------------------------------------------
Batch: 147
-------------------------------------------
+--------------------+-----+
|            customer|score|
+--------------------+-----+
|David.Sanchez@tes...| -7.0|
+--------------------+-----+

-------------------------------------------
Batch: 148
-------------------------------------------
+--------------------+-----+
|            customer|score|
+--------------------+-----+
|Suresh.Phillips@t...|  2.0|
+--------------------+-----+

-------------------------------------------
Batch: 149
-------------------------------------------
+--------------------+-----+
|            customer|score|
+--------------------+-----+
|Spencer.Anderson@...| 13.0|
+--------------------+-----+

-------------------------------------------
Batch: 150
-------------------------------------------
+--------------------+-----+
|            customer|score|
+--------------------+-----+
|Chris.Sanchez@tes...| 24.5|
+--------------------+-----+

-------------------------------------------
Batch: 151
-------------------------------------------
+----------------+-----+
|        customer|score|
+----------------+-----+
|Gail.Wu@test.com|  9.5|
+----------------+-----+

-------------------------------------------
Batch: 152
-------------------------------------------
+--------------------+-----+
|            customer|score|
+--------------------+-----+
|Sarah.Harris@test...| -2.0|
+--------------------+-----+

-------------------------------------------
Batch: 153
-------------------------------------------
+--------------------+-----+
|            customer|score|
+--------------------+-----+
|Santosh.Phillips@...| -1.5|
+--------------------+-----+

-------------------------------------------
Batch: 154
-------------------------------------------
+--------------------+-----+
|            customer|score|
+--------------------+-----+
|Craig.Mitra@test.com| -2.5|
+--------------------+-----+

-------------------------------------------
Batch: 155
-------------------------------------------
+--------------------+-----+
|            customer|score|
+--------------------+-----+
|Danny.Clark@test.com| -1.5|
+--------------------+-----+

-------------------------------------------
Batch: 156
-------------------------------------------
+--------------------+-----+
|            customer|score|
+--------------------+-----+
|Neeraj.Abram@test...| -2.5|
+--------------------+-----+

-------------------------------------------
Batch: 157
-------------------------------------------
+--------------------+-----+
|            customer|score|
+--------------------+-----+
|Spencer.Gonzalez@...| -4.0|
+--------------------+-----+

-------------------------------------------
Batch: 158
-------------------------------------------
+--------------------+-----+
|            customer|score|
+--------------------+-----+
|Danny.Spencer@tes...|  7.5|
+--------------------+-----+

-------------------------------------------
Batch: 159
-------------------------------------------
+--------------------+-----+
|            customer|score|
+--------------------+-----+
|Christina.Olson@t...| -4.0|
+--------------------+-----+

-------------------------------------------
Batch: 160
-------------------------------------------
+--------------------+-----+
|            customer|score|
+--------------------+-----+
|Ashley.Hansen@tes...| 25.0|
+--------------------+-----+

-------------------------------------------
Batch: 161
-------------------------------------------
+--------------------+-----+
|            customer|score|
+--------------------+-----+
|Danny.Staples@tes...| 20.5|
+--------------------+-----+

-------------------------------------------
Batch: 162
-------------------------------------------
+--------------------+-----+
|            customer|score|
+--------------------+-----+
|Neeraj.Jefferson@...| 20.5|
+--------------------+-----+

-------------------------------------------
Batch: 163
-------------------------------------------
+--------------------+-----+
|            customer|score|
+--------------------+-----+
|David.Sanchez@tes...|  3.5|
+--------------------+-----+

-------------------------------------------
Batch: 164
-------------------------------------------
+--------------------+-----+
|            customer|score|
+--------------------+-----+
|Suresh.Phillips@t...|-21.0|
+--------------------+-----+

-------------------------------------------
Batch: 165
-------------------------------------------
+--------------------+-----+
|            customer|score|
+--------------------+-----+
|Spencer.Anderson@...| 10.0|
+--------------------+-----+

-------------------------------------------
Batch: 166
-------------------------------------------
+--------------------+-----+
|            customer|score|
+--------------------+-----+
|Chris.Sanchez@tes...| -0.5|
+--------------------+-----+

-------------------------------------------
Batch: 167
-------------------------------------------
+----------------+-----+
|        customer|score|
+----------------+-----+
|Gail.Wu@test.com|  1.5|
+----------------+-----+

-------------------------------------------
Batch: 168
-------------------------------------------
+--------------------+-----+
|            customer|score|
+--------------------+-----+
|Sarah.Harris@test...| -3.0|
+--------------------+-----+

-------------------------------------------
Batch: 169
-------------------------------------------
+--------------------+-----+
|            customer|score|
+--------------------+-----+
|Santosh.Phillips@...|  0.0|
+--------------------+-----+

-------------------------------------------
Batch: 170
-------------------------------------------
+--------------------+-----+
|            customer|score|
+--------------------+-----+
|Craig.Mitra@test.com| -3.5|
+--------------------+-----+

-------------------------------------------
Batch: 171
-------------------------------------------
+--------------------+-----+
|            customer|score|
+--------------------+-----+
|Danny.Clark@test.com| -1.0|
+--------------------+-----+

-------------------------------------------
Batch: 172
-------------------------------------------
+--------------------+-----+
|            customer|score|
+--------------------+-----+
|Neeraj.Abram@test...| -2.5|
+--------------------+-----+

-------------------------------------------
Batch: 173
-------------------------------------------
+--------------------+-----+
|            customer|score|
+--------------------+-----+
|Spencer.Gonzalez@...| -1.5|
+--------------------+-----+

-------------------------------------------
Batch: 174
-------------------------------------------
+--------------------+-----+
|            customer|score|
+--------------------+-----+
|Danny.Spencer@tes...| 16.0|
+--------------------+-----+

-------------------------------------------
Batch: 175
-------------------------------------------
+--------------------+-----+
|            customer|score|
+--------------------+-----+
|Christina.Olson@t...| 22.5|
+--------------------+-----+

-------------------------------------------
Batch: 176
-------------------------------------------
+--------------------+-----+
|            customer|score|
+--------------------+-----+
|Ashley.Hansen@tes...| -4.5|
+--------------------+-----+

-------------------------------------------
Batch: 177
-------------------------------------------
+--------------------+-----+
|            customer|score|
+--------------------+-----+
|Danny.Staples@tes...|  4.0|
+--------------------+-----+

-------------------------------------------
Batch: 178
-------------------------------------------
+--------------------+-----+
|            customer|score|
+--------------------+-----+
|Neeraj.Jefferson@...| -6.5|
+--------------------+-----+

-------------------------------------------
Batch: 179
-------------------------------------------
+--------------------+-----+
|            customer|score|
+--------------------+-----+
|David.Sanchez@tes...|  1.0|
+--------------------+-----+

-------------------------------------------
Batch: 180
-------------------------------------------
+--------------------+-----+
|            customer|score|
+--------------------+-----+
|Suresh.Phillips@t...| 14.0|
+--------------------+-----+

-------------------------------------------
Batch: 181
-------------------------------------------
+--------------------+-----+
|            customer|score|
+--------------------+-----+
|Spencer.Anderson@...|-13.0|
+--------------------+-----+

-------------------------------------------
Batch: 182
-------------------------------------------
+--------------------+-----+
|            customer|score|
+--------------------+-----+
|Chris.Sanchez@tes...| -8.5|
+--------------------+-----+

-------------------------------------------
Batch: 183
-------------------------------------------
+----------------+-----+
|        customer|score|
+----------------+-----+
|Gail.Wu@test.com|  8.5|
+----------------+-----+

-------------------------------------------
Batch: 184
-------------------------------------------
+--------------------+-----+
|            customer|score|
+--------------------+-----+
|Sarah.Harris@test...| -3.0|
+--------------------+-----+

-------------------------------------------
Batch: 185
-------------------------------------------
+--------------------+-----+
|            customer|score|
+--------------------+-----+
|Santosh.Phillips@...| -0.5|
+--------------------+-----+

-------------------------------------------
Batch: 186
-------------------------------------------
+--------------------+-----+
|            customer|score|
+--------------------+-----+
|Craig.Mitra@test.com| -3.5|
+--------------------+-----+

-------------------------------------------
Batch: 187
-------------------------------------------
+--------------------+-----+
|            customer|score|
+--------------------+-----+
|Danny.Clark@test.com| -1.5|
+--------------------+-----+

-------------------------------------------
Batch: 188
-------------------------------------------
+--------------------+-----+
|            customer|score|
+--------------------+-----+
|Neeraj.Abram@test...| -2.5|
+--------------------+-----+

-------------------------------------------
Batch: 189
-------------------------------------------
+--------------------+-----+
|            customer|score|
+--------------------+-----+
|Spencer.Gonzalez@...|  0.0|
+--------------------+-----+

-------------------------------------------
Batch: 190
-------------------------------------------
+--------------------+-----+
|            customer|score|
+--------------------+-----+
|Danny.Spencer@tes...|  3.0|
+--------------------+-----+

-------------------------------------------
Batch: 191
-------------------------------------------
+--------------------+-----+
|            customer|score|
+--------------------+-----+
|Christina.Olson@t...|  5.5|
+--------------------+-----+

-------------------------------------------
Batch: 192
-------------------------------------------
+--------------------+-----+
|            customer|score|
+--------------------+-----+
|Ashley.Hansen@tes...|-23.5|
+--------------------+-----+

-------------------------------------------
Batch: 193
-------------------------------------------
+--------------------+-----+
|            customer|score|
+--------------------+-----+
|Danny.Staples@tes...|-31.5|
+--------------------+-----+

-------------------------------------------
Batch: 194
-------------------------------------------
+--------------------+-----+
|            customer|score|
+--------------------+-----+
|Neeraj.Jefferson@...|-31.5|
+--------------------+-----+

-------------------------------------------
Batch: 195
-------------------------------------------
+--------------------+-----+
|            customer|score|
+--------------------+-----+
|David.Sanchez@tes...| -0.5|
+--------------------+-----+

-------------------------------------------
Batch: 196
-------------------------------------------
+--------------------+-----+
|            customer|score|
+--------------------+-----+
|Suresh.Phillips@t...| 42.0|
+--------------------+-----+

-------------------------------------------
Batch: 197
-------------------------------------------
+--------------------+-----+
|            customer|score|
+--------------------+-----+
|Spencer.Anderson@...|-13.0|
+--------------------+-----+

-------------------------------------------
Batch: 198
-------------------------------------------
+--------------------+-----+
|            customer|score|
+--------------------+-----+
|Chris.Sanchez@tes...|-19.0|
+--------------------+-----+

-------------------------------------------
Batch: 199
-------------------------------------------
+----------------+-----+
|        customer|score|
+----------------+-----+
|Gail.Wu@test.com| 28.0|
+----------------+-----+

-------------------------------------------
Batch: 200
-------------------------------------------
+--------------------+-----+
|            customer|score|
+--------------------+-----+
|Sarah.Harris@test...| -4.0|
+--------------------+-----+

-------------------------------------------
Batch: 201
-------------------------------------------
+--------------------+-----+
|            customer|score|
+--------------------+-----+
|Santosh.Phillips@...| -1.5|
+--------------------+-----+

-------------------------------------------
Batch: 202
-------------------------------------------
+--------------------+-----+
|            customer|score|
+--------------------+-----+
|Craig.Mitra@test.com| -2.5|
+--------------------+-----+

-------------------------------------------
Batch: 203
-------------------------------------------
+--------------------+-----+
|            customer|score|
+--------------------+-----+
|Danny.Clark@test.com| -3.0|
+--------------------+-----+

-------------------------------------------
Batch: 204
-------------------------------------------
+--------------------+-----+
|            customer|score|
+--------------------+-----+
|Neeraj.Abram@test...| -3.5|
+--------------------+-----+

-------------------------------------------
Batch: 205
-------------------------------------------
+--------------------+-----+
|            customer|score|
+--------------------+-----+
|Spencer.Gonzalez@...| -0.5|
+--------------------+-----+

-------------------------------------------
Batch: 206
-------------------------------------------
+--------------------+-----+
|            customer|score|
+--------------------+-----+
|Danny.Spencer@tes...|  2.0|
+--------------------+-----+

-------------------------------------------
Batch: 207
-------------------------------------------
+--------------------+-----+
|            customer|score|
+--------------------+-----+
|Christina.Olson@t...|  9.5|
+--------------------+-----+

-------------------------------------------
Batch: 208
-------------------------------------------
+--------------------+-----+
|            customer|score|
+--------------------+-----+
|Ashley.Hansen@tes...| -7.5|
+--------------------+-----+

-------------------------------------------
Batch: 209
-------------------------------------------
+--------------------+-----+
|            customer|score|
+--------------------+-----+
|Danny.Staples@tes...|-30.5|
+--------------------+-----+

-------------------------------------------
Batch: 210
-------------------------------------------
+--------------------+-----+
|            customer|score|
+--------------------+-----+
|Neeraj.Jefferson@...|-11.0|
+--------------------+-----+

-------------------------------------------
Batch: 211
-------------------------------------------
+--------------------+-----+
|            customer|score|
+--------------------+-----+
|David.Sanchez@tes...| 15.0|
+--------------------+-----+

-------------------------------------------
Batch: 212
-------------------------------------------
+--------------------+-----+
|            customer|score|
+--------------------+-----+
|Suresh.Phillips@t...|-12.0|
+--------------------+-----+

-------------------------------------------
Batch: 213
-------------------------------------------
+--------------------+-----+
|            customer|score|
+--------------------+-----+
|Spencer.Anderson@...| 23.5|
+--------------------+-----+

-------------------------------------------
Batch: 214
-------------------------------------------
+--------------------+-----+
|            customer|score|
+--------------------+-----+
|Chris.Sanchez@tes...|  6.0|
+--------------------+-----+

-------------------------------------------
Batch: 215
-------------------------------------------
+----------------+-----+
|        customer|score|
+----------------+-----+
|Gail.Wu@test.com| -7.5|
+----------------+-----+

-------------------------------------------
Batch: 216
-------------------------------------------
+--------------------+-----+
|            customer|score|
+--------------------+-----+
|Sarah.Harris@test...| -4.5|
+--------------------+-----+

-------------------------------------------
Batch: 217
-------------------------------------------
+--------------------+-----+
|            customer|score|
+--------------------+-----+
|Santosh.Phillips@...| -1.5|
+--------------------+-----+

-------------------------------------------
Batch: 218
-------------------------------------------
+--------------------+-----+
|            customer|score|
+--------------------+-----+
|Craig.Mitra@test.com| -2.5|
+--------------------+-----+

-------------------------------------------
Batch: 219
-------------------------------------------
+--------------------+-----+
|            customer|score|
+--------------------+-----+
|Danny.Clark@test.com| -3.0|
+--------------------+-----+

-------------------------------------------
Batch: 220
-------------------------------------------
+--------------------+-----+
|            customer|score|
+--------------------+-----+
|Neeraj.Abram@test...| -4.0|
+--------------------+-----+

-------------------------------------------
Batch: 221
-------------------------------------------
+--------------------+-----+
|            customer|score|
+--------------------+-----+
|Spencer.Gonzalez@...| -1.0|
+--------------------+-----+

-------------------------------------------
Batch: 222
-------------------------------------------
+--------------------+-----+
|            customer|score|
+--------------------+-----+
|Danny.Spencer@tes...|-16.5|
+--------------------+-----+

-------------------------------------------
Batch: 223
-------------------------------------------
+--------------------+-----+
|            customer|score|
+--------------------+-----+
|Christina.Olson@t...| -9.0|
+--------------------+-----+

-------------------------------------------
Batch: 224
-------------------------------------------
+--------------------+-----+
|            customer|score|
+--------------------+-----+
|Ashley.Hansen@tes...| -6.0|
+--------------------+-----+

-------------------------------------------
Batch: 225
-------------------------------------------
+--------------------+-----+
|            customer|score|
+--------------------+-----+
|Danny.Staples@tes...| -8.5|
+--------------------+-----+

-------------------------------------------
Batch: 226
-------------------------------------------
+--------------------+-----+
|            customer|score|
+--------------------+-----+
|Neeraj.Jefferson@...| 35.5|
+--------------------+-----+

-------------------------------------------
Batch: 227
-------------------------------------------
+--------------------+-----+
|            customer|score|
+--------------------+-----+
|David.Sanchez@tes...|-12.5|
+--------------------+-----+

-------------------------------------------
Batch: 228
-------------------------------------------
+--------------------+-----+
|            customer|score|
+--------------------+-----+
|Suresh.Phillips@t...|-37.0|
+--------------------+-----+

-------------------------------------------
Batch: 229
-------------------------------------------
+--------------------+-----+
|            customer|score|
+--------------------+-----+
|Spencer.Anderson@...|  7.0|
+--------------------+-----+

-------------------------------------------
Batch: 230
-------------------------------------------
+--------------------+-----+
|            customer|score|
+--------------------+-----+
|Chris.Sanchez@tes...|  4.5|
+--------------------+-----+

-------------------------------------------
Batch: 231
-------------------------------------------
+----------------+-----+
|        customer|score|
+----------------+-----+
|Gail.Wu@test.com| -6.0|
+----------------+-----+

-------------------------------------------
Batch: 232
-------------------------------------------
+--------------------+-----+
|            customer|score|
+--------------------+-----+
|Sarah.Harris@test...| -4.5|
+--------------------+-----+

-------------------------------------------
Batch: 233
-------------------------------------------
+--------------------+-----+
|            customer|score|
+--------------------+-----+
|Santosh.Phillips@...| -1.5|
+--------------------+-----+

-------------------------------------------
Batch: 234
-------------------------------------------
+--------------------+-----+
|            customer|score|
+--------------------+-----+
|Craig.Mitra@test.com| -3.5|
+--------------------+-----+

-------------------------------------------
Batch: 235
-------------------------------------------
+--------------------+-----+
|            customer|score|
+--------------------+-----+
|Danny.Clark@test.com| -2.5|
+--------------------+-----+

-------------------------------------------
Batch: 236
-------------------------------------------
+--------------------+-----+
|            customer|score|
+--------------------+-----+
|Neeraj.Abram@test...| -4.0|
+--------------------+-----+

-------------------------------------------
Batch: 237
-------------------------------------------
+--------------------+-----+
|            customer|score|
+--------------------+-----+
|Spencer.Gonzalez@...| -2.0|
+--------------------+-----+

-------------------------------------------
Batch: 238
-------------------------------------------
+--------------------+-----+
|            customer|score|
+--------------------+-----+
|Danny.Spencer@tes...|-14.5|
+--------------------+-----+

-------------------------------------------
Batch: 239
-------------------------------------------
+--------------------+-----+
|            customer|score|
+--------------------+-----+
|Christina.Olson@t...|-29.0|
+--------------------+-----+

-------------------------------------------
Batch: 240
-------------------------------------------
+--------------------+-----+
|            customer|score|
+--------------------+-----+
|Ashley.Hansen@tes...| -4.0|
+--------------------+-----+

-------------------------------------------
Batch: 241
-------------------------------------------
+--------------------+-----+
|            customer|score|
+--------------------+-----+
|Danny.Staples@tes...|  1.0|
+--------------------+-----+

-------------------------------------------
Batch: 242
-------------------------------------------
+--------------------+-----+
|            customer|score|
+--------------------+-----+
|Neeraj.Jefferson@...| 16.0|
+--------------------+-----+

-------------------------------------------
Batch: 243
-------------------------------------------
+--------------------+-----+
|            customer|score|
+--------------------+-----+
|David.Sanchez@tes...| -7.0|
+--------------------+-----+

-------------------------------------------
Batch: 244
-------------------------------------------
+--------------------+-----+
|            customer|score|
+--------------------+-----+
|Suresh.Phillips@t...|  9.5|
+--------------------+-----+

-------------------------------------------
Batch: 245
-------------------------------------------
+--------------------+-----+
|            customer|score|
+--------------------+-----+
|Spencer.Anderson@...| 33.5|
+--------------------+-----+

-------------------------------------------
Batch: 246
-------------------------------------------
+--------------------+-----+
|            customer|score|
+--------------------+-----+
|Chris.Sanchez@tes...|-16.0|
+--------------------+-----+

-------------------------------------------
Batch: 247
-------------------------------------------
+----------------+-----+
|        customer|score|
+----------------+-----+
|Gail.Wu@test.com| -3.0|
+----------------+-----+

-------------------------------------------
Batch: 248
-------------------------------------------
+--------------------+-----+
|            customer|score|
+--------------------+-----+
|Sarah.Harris@test...| -4.5|
+--------------------+-----+

-------------------------------------------
Batch: 249
-------------------------------------------
+--------------------+-----+
|            customer|score|
+--------------------+-----+
|Santosh.Phillips@...| -2.5|
+--------------------+-----+

-------------------------------------------
Batch: 250
-------------------------------------------
+--------------------+-----+
|            customer|score|
+--------------------+-----+
|Craig.Mitra@test.com| -2.5|
+--------------------+-----+

-------------------------------------------
Batch: 251
-------------------------------------------
+--------------------+-----+
|            customer|score|
+--------------------+-----+
|Danny.Clark@test.com| -3.5|
+--------------------+-----+

-------------------------------------------
Batch: 252
-------------------------------------------
+--------------------+-----+
|            customer|score|
+--------------------+-----+
|Neeraj.Abram@test...| -4.5|
+--------------------+-----+

-------------------------------------------
Batch: 253
-------------------------------------------
+--------------------+-----+
|            customer|score|
+--------------------+-----+
|Spencer.Gonzalez@...| -3.5|
+--------------------+-----+

-------------------------------------------
Batch: 254
-------------------------------------------
+--------------------+-----+
|            customer|score|
+--------------------+-----+
|Danny.Spencer@tes...| 13.5|
+--------------------+-----+

-------------------------------------------
Batch: 255
-------------------------------------------
+--------------------+-----+
|            customer|score|
+--------------------+-----+
|Christina.Olson@t...|-10.0|
+--------------------+-----+

-------------------------------------------
Batch: 256
-------------------------------------------
+--------------------+-----+
|            customer|score|
+--------------------+-----+
|Ashley.Hansen@tes...| 11.0|
+--------------------+-----+

-------------------------------------------
Batch: 257
-------------------------------------------
+--------------------+-----+
|            customer|score|
+--------------------+-----+
|Danny.Staples@tes...| 21.5|
+--------------------+-----+

-------------------------------------------
Batch: 258
-------------------------------------------
+--------------------+-----+
|            customer|score|
+--------------------+-----+
|Neeraj.Jefferson@...|-17.0|
+--------------------+-----+

-------------------------------------------
Batch: 259
-------------------------------------------
+--------------------+-----+
|            customer|score|
+--------------------+-----+
|David.Sanchez@tes...| 37.5|
+--------------------+-----+

-------------------------------------------
Batch: 260
-------------------------------------------
+--------------------+-----+
|            customer|score|
+--------------------+-----+
|Suresh.Phillips@t...| 25.0|
+--------------------+-----+

-------------------------------------------
Batch: 261
-------------------------------------------
+--------------------+-----+
|            customer|score|
+--------------------+-----+
|Spencer.Anderson@...|  1.0|
+--------------------+-----+

-------------------------------------------
Batch: 262
-------------------------------------------
+--------------------+-----+
|            customer|score|
+--------------------+-----+
|Chris.Sanchez@tes...| -8.0|
+--------------------+-----+

-------------------------------------------
Batch: 263
-------------------------------------------
+----------------+-----+
|        customer|score|
+----------------+-----+
|Gail.Wu@test.com|-13.0|
+----------------+-----+

-------------------------------------------
Batch: 264
-------------------------------------------
+--------------------+-----+
|            customer|score|
+--------------------+-----+
|Sarah.Harris@test...| -2.5|
+--------------------+-----+

